TN:
SF:C:\Users\windows\Desktop\projects\EXTERNE\blockchain\hh-fcc\hardhat-smartcontract-lottery\contracts\Raffle.sol
FN:57,constructor
FN:68,enterRaffle
FN:92,checkUpkeep
FN:115,performUpkeep
FN:143,fulfillRandomWords
FN:169,getRaffleState
FN:173,getNumWords
FN:177,getRequestConfirmations
FN:181,getRecentWinner
FN:185,getPlayer
FN:189,getLastTimeStamp
FN:193,getInterval
FN:197,getEntranceFee
FN:201,getNumberOfPlayers
FNF:14
FNH:8
FNDA:3,constructor
FNDA:8,enterRaffle
FNDA:6,checkUpkeep
FNDA:2,performUpkeep
FNDA:0,fulfillRandomWords
FNDA:2,getRaffleState
FNDA:0,getNumWords
FNDA:0,getRequestConfirmations
FNDA:0,getRecentWinner
FNDA:1,getPlayer
FNDA:0,getLastTimeStamp
FNDA:9,getInterval
FNDA:9,getEntranceFee
FNDA:0,getNumberOfPlayers
DA:58,3
DA:59,3
DA:60,3
DA:61,3
DA:62,3
DA:63,3
DA:64,3
DA:65,3
DA:71,8
DA:72,1
DA:74,7
DA:75,1
DA:77,6
DA:80,6
DA:103,6
DA:104,6
DA:105,6
DA:106,6
DA:107,6
DA:108,6
DA:118,2
DA:120,2
DA:121,0
DA:127,2
DA:128,2
DA:136,2
DA:153,0
DA:154,0
DA:155,0
DA:156,0
DA:157,0
DA:158,0
DA:159,0
DA:161,0
DA:162,0
DA:164,0
DA:170,2
DA:174,0
DA:178,0
DA:182,0
DA:186,1
DA:190,0
DA:194,9
DA:198,9
DA:202,0
LF:45
LH:29
BRDA:71,1,0,1
BRDA:71,1,1,7
BRDA:74,2,0,1
BRDA:74,2,1,6
BRDA:120,3,0,0
BRDA:120,3,1,2
BRDA:161,4,0,0
BRDA:161,4,1,0
BRF:8
BRH:5
end_of_record
TN:
SF:C:\Users\windows\Desktop\projects\EXTERNE\blockchain\hh-fcc\hardhat-smartcontract-lottery\contracts\test\VRFCoordinatorV2Mock.sol
FNF:0
FNH:0
LF:0
LH:0
BRF:0
BRH:0
end_of_record
